<?xml version="1.0" encoding="UTF-8"?>
<testng-results ignored="0" total="1" passed="1" failed="0" skipped="0">
  <reporter-output>
  </reporter-output>
  <suite started-at="2026-06-25T15:59:46 GST" name="Automation Suite" finished-at="2026-06-25T15:59:50 GST" duration-ms="3362">
    <groups>
    </groups>
    <test started-at="2026-06-25T15:59:46 GST" name="tests" finished-at="2026-06-25T15:59:50 GST" duration-ms="3362">
      <class name="tests">
        <test-method is-config="true" signature="setup()[pri:0, instance:tests@2794eab6]" started-at="2026-06-25T15:59:46 GST" name="setup" finished-at="2026-06-25T15:59:49 GST" duration-ms="2747" status="PASS">
          <reporter-output>
          </reporter-output>
        </test-method> <!-- setup -->
        <test-method signature="validlogintest()[pri:0, instance:tests@2794eab6]" started-at="2026-06-25T15:59:49 GST" name="validlogintest" finished-at="2026-06-25T15:59:49 GST" duration-ms="306" status="PASS">
          <reporter-output>
          </reporter-output>
        </test-method> <!-- validlogintest -->
        <test-method is-config="true" signature="tearDown()[pri:0, instance:tests@2794eab6]" started-at="2026-06-25T15:59:49 GST" name="tearDown" finished-at="2026-06-25T15:59:50 GST" duration-ms="272" status="PASS">
          <reporter-output>
          </reporter-output>
        </test-method> <!-- tearDown -->
      </class> <!-- tests -->
    </test> <!-- tests -->
  </suite> <!-- Automation Suite -->
</testng-results>
