<?xml version="1.0" encoding="UTF-8"?>
<testng-results ignored="0" total="1" passed="1" failed="0" skipped="0">
  <reporter-output>
  </reporter-output>
  <suite started-at="2026-07-02T13:37:22 GST" name="Suite" finished-at="2026-07-02T13:37:25 GST" duration-ms="3541">
    <groups>
    </groups>
    <test started-at="2026-07-02T13:37:22 GST" name="Login Test" finished-at="2026-07-02T13:37:25 GST" duration-ms="3541">
      <class name="tests.LoginTest">
        <test-method is-config="true" signature="setup()[pri:0, instance:tests.LoginTest@2892d68]" started-at="2026-07-02T13:37:22 GST" name="setup" finished-at="2026-07-02T13:37:25 GST" duration-ms="3007" status="PASS">
          <reporter-output>
          </reporter-output>
        </test-method> <!-- setup -->
        <test-method signature="loginTest()[pri:0, instance:tests.LoginTest@2892d68]" started-at="2026-07-02T13:37:25 GST" name="loginTest" finished-at="2026-07-02T13:37:25 GST" duration-ms="255" status="PASS">
          <reporter-output>
          </reporter-output>
        </test-method> <!-- loginTest -->
        <test-method is-config="true" signature="tearDown()[pri:0, instance:tests.LoginTest@2892d68]" started-at="2026-07-02T13:37:25 GST" name="tearDown" finished-at="2026-07-02T13:37:25 GST" duration-ms="236" status="PASS">
          <reporter-output>
          </reporter-output>
        </test-method> <!-- tearDown -->
      </class> <!-- tests.LoginTest -->
    </test> <!-- Login Test -->
  </suite> <!-- Suite -->
</testng-results>
